# JRE version: OpenJDK Runtime Environment (20.0.2+9) (build 20.0.2+9-78)
# Java VM: OpenJDK 64-Bit Server VM (20.0.2+9-78, mixed mode, sharing, tiered, compressed oops, compressed class ptrs, g1 gc, windows-amd64)
GC Precious Log:
 CardTable entry size: 512
 Card Set container configuration: InlinePtr #cards 5 size 8 Array Of Cards #cards 12 size 40 Howl #buckets 4 coarsen threshold 1843 Howl Bitmap #cards 512 size 80 coarsen threshold 460 Card regions per heap region 1 cards per card region 2048
 CPUs: 4 total, 4 available
 Memory: 8090M
 Large Page Support: Disabled
 NUMA Support: Disabled
 Compressed Oops: Enabled (32-bit)
 Heap Region Size: 1M
 Heap Min Capacity: 8M
 Heap Initial Capacity: 128M
 Heap Max Capacity: 2024M
 Pre-touch: Disabled
 Parallel Workers: 4
 Concurrent Workers: 1
 Concurrent Refinement Workers: 4
 Periodic GC: Disabled
Heap:
 garbage-first heap   total 393216K, used 246659K [0x0000000081800000, 0x0000000100000000)
  region size 1024K, 8 young (8192K), 8 survivors (8192K)
 Metaspace       used 725K, committed 832K, reserved 1114112K
  class space    used 60K, committed 128K, reserved 1048576K
GC Heap History (17 events):
Event: 0.179 GC heap before
{Heap before GC invocations=0 (full 0):
 garbage-first heap   total 131072K, used 12288K [0x0000000081800000, 0x0000000100000000)
  region size 1024K, 13 young (13312K), 0 survivors (0K)
 Metaspace       used 606K, committed 768K, reserved 1114112K
  class space    used 42K, committed 128K, reserved 1048576K
}
Event: 0.187 GC heap after
{Heap after GC invocations=1 (full 0):
 garbage-first heap   total 131072K, used 11538K [0x0000000081800000, 0x0000000100000000)
  region size 1024K, 2 young (2048K), 2 survivors (2048K)
 Metaspace       used 606K, committed 768K, reserved 1114112K
  class space    used 42K, committed 128K, reserved 1048576K
}
Event: 0.191 GC heap before
{Heap before GC invocations=1 (full 0):
 garbage-first heap   total 131072K, used 18706K [0x0000000081800000, 0x0000000100000000)
  region size 1024K, 10 young (10240K), 2 survivors (2048K)
 Metaspace       used 649K, committed 768K, reserved 1114112K
  class space    used 51K, committed 128K, reserved 1048576K
}
Event: 0.200 GC heap after
{Heap after GC invocations=2 (full 0):
 garbage-first heap   total 131072K, used 19495K [0x0000000081800000, 0x0000000100000000)
  region size 1024K, 2 young (2048K), 2 survivors (2048K)
 Metaspace       used 649K, committed 768K, reserved 1114112K
  class space    used 51K, committed 128K, reserved 1048576K
}
Event: 0.203 GC heap before
{Heap before GC invocations=2 (full 0):
 garbage-first heap   total 131072K, used 31783K [0x0000000081800000, 0x0000000100000000)
  region size 1024K, 15 young (15360K), 2 survivors (2048K)
 Metaspace       used 658K, committed 832K, reserved 1114112K
  class space    used 52K, committed 128K, reserved 1048576K
}
Event: 0.211 GC heap after
{Heap after GC invocations=3 (full 0):
 garbage-first heap   total 131072K, used 32768K [0x0000000081800000, 0x0000000100000000)
  region size 1024K, 2 young (2048K), 2 survivors (2048K)
 Metaspace       used 658K, committed 832K, reserved 1114112K
  class space    used 52K, committed 128K, reserved 1048576K
}
Event: 0.218 GC heap before
{Heap before GC invocations=3 (full 0):
 garbage-first heap   total 131072K, used 50176K [0x0000000081800000, 0x0000000100000000)
  region size 1024K, 20 young (20480K), 2 survivors (2048K)
 Metaspace       used 725K, committed 832K, reserved 1114112K
  class space    used 60K, committed 128K, reserved 1048576K
}
Event: 0.229 GC heap after
{Heap after GC invocations=4 (full 0):
 garbage-first heap   total 131072K, used 51153K [0x0000000081800000, 0x0000000100000000)
  region size 1024K, 3 young (3072K), 3 survivors (3072K)
 Metaspace       used 725K, committed 832K, reserved 1114112K
  class space    used 60K, committed 128K, reserved 1048576K
}
Event: 0.236 GC heap before
{Heap before GC invocations=4 (full 0):
 garbage-first heap   total 131072K, used 73681K [0x0000000081800000, 0x0000000100000000)
  region size 1024K, 26 young (26624K), 3 survivors (3072K)
 Metaspace       used 725K, committed 832K, reserved 1114112K
  class space    used 60K, committed 128K, reserved 1048576K
}
Event: 0.258 GC heap after
{Heap after GC invocations=5 (full 0):
 garbage-first heap   total 393216K, used 74666K [0x0000000081800000, 0x0000000100000000)
  region size 1024K, 4 young (4096K), 4 survivors (4096K)
 Metaspace       used 725K, committed 832K, reserved 1114112K
  class space    used 60K, committed 128K, reserved 1048576K
}
Event: 0.289 GC heap before
{Heap before GC invocations=5 (full 0):
 garbage-first heap   total 393216K, used 103338K [0x0000000081800000, 0x0000000100000000)
  region size 1024K, 33 young (33792K), 4 survivors (4096K)
 Metaspace       used 725K, committed 832K, reserved 1114112K
  class space    used 60K, committed 128K, reserved 1048576K
}
Event: 0.320 GC heap after
{Heap after GC invocations=6 (full 0):
 garbage-first heap   total 393216K, used 104323K [0x0000000081800000, 0x0000000100000000)
  region size 1024K, 5 young (5120K), 5 survivors (5120K)
 Metaspace       used 725K, committed 832K, reserved 1114112K
  class space    used 60K, committed 128K, reserved 1048576K
}
Event: 0.334 GC heap before
{Heap before GC invocations=6 (full 0):
 garbage-first heap   total 393216K, used 141187K [0x0000000081800000, 0x0000000100000000)
  region size 1024K, 41 young (41984K), 5 survivors (5120K)
 Metaspace       used 725K, committed 832K, reserved 1114112K
  class space    used 60K, committed 128K, reserved 1048576K
}
Event: 0.346 GC heap after
{Heap after GC invocations=7 (full 0):
 garbage-first heap   total 393216K, used 141187K [0x0000000081800000, 0x0000000100000000)
  region size 1024K, 6 young (6144K), 6 survivors (6144K)
 Metaspace       used 725K, committed 832K, reserved 1114112K
  class space    used 60K, committed 128K, reserved 1048576K
}
Event: 0.368 GC heap before
{Heap before GC invocations=7 (full 0):
 garbage-first heap   total 393216K, used 188291K [0x0000000081800000, 0x0000000100000000)
  region size 1024K, 52 young (53248K), 6 survivors (6144K)
 Metaspace       used 725K, committed 832K, reserved 1114112K
  class space    used 60K, committed 128K, reserved 1048576K
}
Event: 0.391 GC heap after
{Heap after GC invocations=8 (full 0):
 garbage-first heap   total 393216K, used 188291K [0x0000000081800000, 0x0000000100000000)
  region size 1024K, 7 young (7168K), 7 survivors (7168K)
 Metaspace       used 725K, committed 832K, reserved 1114112K
  class space    used 60K, committed 128K, reserved 1048576K
}
Event: 0.403 GC heap before
{Heap before GC invocations=8 (full 0):
 garbage-first heap   total 393216K, used 246659K [0x0000000081800000, 0x0000000100000000)
  region size 1024K, 64 young (65536K), 7 survivors (7168K)
 Metaspace       used 725K, committed 832K, reserved 1114112K
  class space    used 60K, committed 128K, reserved 1048576K
}

